<?xml version="1.0" encoding="UTF-8"?>
<!-- Generated by org.testng.reporters.JUnitXMLReporter -->
<testsuite ignored="0" hostname="vishnu-HP-15-Notebook-PC" failures="0" tests="1" name="Test-Runner-2" time="38.303" errors="0" timestamp="2023-10-11T23:08:00 IST">
  <testcase classname="ContactTests.CreateContactTest" name="createContactTest" time="11.323"/>
</testsuite> <!-- Test-Runner-2 -->
