<?xml version="1.0" encoding="UTF-8"?>
<!-- Generated by org.testng.reporters.JUnitXMLReporter -->
<testsuite ignored="0" hostname="vishnu-HP-15-Notebook-PC" failures="0" tests="1" name="Test-Runner-1" time="65.521" errors="0" timestamp="2023-10-31T21:15:42 IST">
  <testcase classname="ContactTests.CreateContactWithOrganizationTest" name="createContactWithOrganizationTest" time="28.018"/>
</testsuite> <!-- Test-Runner-1 -->
