<?xml version="1.0" encoding="UTF-8"?>
<!-- Generated by org.testng.reporters.JUnitXMLReporter -->
<testsuite ignored="0" hostname="vishnu-HP-15-Notebook-PC" failures="0" tests="1" name="Test-Runner-Chrome" time="84.698" errors="0" timestamp="2023-10-31T21:19:23 IST">
  <testcase classname="ContactTests.CreateContactTest" name="createContactTest" time="10.619"/>
</testsuite> <!-- Test-Runner-Chrome -->
