<?xml version="1.0" encoding="UTF-8"?>
<!-- Generated by org.testng.reporters.JUnitXMLReporter -->
<testsuite ignored="0" hostname="vishnu-HP-15-Notebook-PC" failures="0" tests="1" name="Test-Runner-Firefox" time="110.246" errors="0" timestamp="2023-10-25T21:18:23 IST">
  <testcase classname="ContactTests.CreateContactTest" name="createContactTest" time="30.268"/>
</testsuite> <!-- Test-Runner-Firefox -->
