<?xml version="1.0" encoding="UTF-8"?>
<!-- Generated by org.testng.reporters.JUnitReportReporter -->
<testsuite hostname="vishnu-HP-15-Notebook-PC" failures="0" tests="1" name="OrganizationTests.CreateOrgWithIndustryTest" time="17.152" errors="0" timestamp="2023-10-25T20:33:47 IST" skipped="0">
  <testcase classname="OrganizationTests.CreateOrgWithIndustryTest" name="createOrgWithIndustryTest" time="17.152"/>
  <system-out/>
</testsuite> <!-- OrganizationTests.CreateOrgWithIndustryTest -->
