<?xml version="1.0" encoding="UTF-8"?>
<!-- Generated by org.testng.reporters.JUnitReportReporter -->
<testsuite hostname="vishnu-HP-15-Notebook-PC" failures="0" tests="3" name="practice.DataProviderPractice" time="0.048" errors="0" timestamp="2023-10-05T20:08:20 IST" skipped="0">
  <testcase classname="practice.DataProviderPractice" name="addProductToCart" time="0.018"/>
  <testcase classname="practice.DataProviderPractice" name="addProductToCart" time="0.008"/>
  <testcase classname="practice.DataProviderPractice" name="addProductToCart" time="0.022"/>
</testsuite> <!-- practice.DataProviderPractice -->
