<?xml version="1.0" encoding="UTF-8"?>
<!-- Generated by org.testng.reporters.JUnitReportReporter -->
<testsuite hostname="vishnu-HP-15-Notebook-PC" failures="0" tests="1" name="ContactTests.CreateContactWithOrganizationTest" time="30.504" errors="0" timestamp="2023-10-11T23:08:09 IST" skipped="0">
  <testcase classname="ContactTests.CreateContactWithOrganizationTest" name="createContactWithOrganizationTest" time="30.504"/>
</testsuite> <!-- ContactTests.CreateContactWithOrganizationTest -->
