<?xml version="1.0" encoding="UTF-8"?>
<!-- Generated by org.testng.reporters.JUnitReportReporter -->
<testsuite hostname="vishnu-HP-15-Notebook-PC" failures="0" tests="1" name="ContactTests.CreateContactWithOrganizationTest" time="29.563" errors="0" timestamp="2023-10-31T21:42:57 IST" skipped="0">
  <testcase classname="ContactTests.CreateContactWithOrganizationTest" name="createContactWithOrganizationTest" time="29.563"/>
  <system-out/>
</testsuite> <!-- ContactTests.CreateContactWithOrganizationTest -->
