<?xml version="1.0" encoding="UTF-8"?>
<!-- Generated by org.testng.reporters.JUnitReportReporter -->
<testsuite hostname="vishnu-HP-15-Notebook-PC" failures="0" tests="1" name="OrganizationTests.CreateOrgWithIndustryAndTypeTest" time="22.541" errors="0" timestamp="2023-10-25T20:33:12 IST" skipped="0">
  <testcase classname="OrganizationTests.CreateOrgWithIndustryAndTypeTest" name="createOrgWithIndustryAndTypeTest" time="22.541"/>
  <system-out/>
</testsuite> <!-- OrganizationTests.CreateOrgWithIndustryAndTypeTest -->
