<?xml version="1.0" encoding="UTF-8"?>
<!-- Generated by org.testng.reporters.JUnitReportReporter -->
<testsuite hostname="vishnu-HP-15-Notebook-PC" failures="0" tests="5" name="OrganizationTests.CreateMultipleOrgWithIndustry" time="60.001" errors="0" timestamp="2023-10-31T21:42:57 IST" skipped="0">
  <testcase classname="OrganizationTests.CreateMultipleOrgWithIndustry" name="createMultipleOrg" time="10.274"/>
  <system-out/>
  <testcase classname="OrganizationTests.CreateMultipleOrgWithIndustry" name="createMultipleOrg" time="9.693"/>
  <system-out/>
  <testcase classname="OrganizationTests.CreateMultipleOrgWithIndustry" name="createMultipleOrg" time="10.524"/>
  <system-out/>
  <testcase classname="OrganizationTests.CreateMultipleOrgWithIndustry" name="createMultipleOrg" time="13.147"/>
  <system-out/>
  <testcase classname="OrganizationTests.CreateMultipleOrgWithIndustry" name="createMultipleOrg" time="16.363"/>
  <system-out/>
</testsuite> <!-- OrganizationTests.CreateMultipleOrgWithIndustry -->
