<?xml version="1.0" encoding="UTF-8"?>
<!-- Generated by org.testng.reporters.JUnitReportReporter -->
<testsuite hostname="vishnu-HP-15-Notebook-PC" failures="0" tests="2" name="ContactTests.CreateContactTest" time="114.333" errors="0" timestamp="2023-10-25T21:18:24 IST" skipped="0">
  <testcase classname="ContactTests.CreateContactTest" name="createContactTest" time="57.283"/>
  <system-out>
    <![CDATA[clicked create contacts link
created new contact
header captured
header validated sucessfully]]>
  </system-out>
  <testcase classname="ContactTests.CreateContactTest" name="createContactTest" time="57.050"/>
  <system-out>
    <![CDATA[clicked create contacts link
created new contact
header captured
header validated sucessfully]]>
  </system-out>
</testsuite> <!-- ContactTests.CreateContactTest -->
